<?xml version="1.0" encoding="UTF-8"?>
<testsuite xmlns:xsi="http://www.w3.org/2001/XMLSchema-instance" xsi:noNamespaceSchemaLocation="https://maven.apache.org/surefire/maven-surefire-plugin/xsd/surefire-test-report.xsd" name="test.ServiceTest" time="38.171" tests="3" errors="1" skipped="0" failures="0">
  <properties>
    <property name="sun.desktop" value="windows"/>
    <property name="awt.toolkit" value="sun.awt.windows.WToolkit"/>
    <property name="file.encoding.pkg" value="sun.io"/>
    <property name="java.specification.version" value="1.8"/>
    <property name="sun.cpu.isalist" value="amd64"/>
    <property name="sun.jnu.encoding" value="GBK"/>
    <property name="java.class.path" value="E:\micro-tutor-it\tutor-it-services\tutor-it-video\target\test-classes;E:\micro-tutor-it\tutor-it-services\tutor-it-video\target\classes;D:\installSoft\apache-maven-3.6.1\repository\io\minio\minio\6.0.2\minio-6.0.2.jar;D:\installSoft\apache-maven-3.6.1\repository\com\google\http-client\google-http-client-xml\1.20.0\google-http-client-xml-1.20.0.jar;D:\installSoft\apache-maven-3.6.1\repository\com\google\http-client\google-http-client\1.20.0\google-http-client-1.20.0.jar;D:\installSoft\apache-maven-3.6.1\repository\org\apache\httpcomponents\httpclient\4.5.9\httpclient-4.5.9.jar;D:\installSoft\apache-maven-3.6.1\repository\org\apache\httpcomponents\httpcore\4.4.11\httpcore-4.4.11.jar;D:\installSoft\apache-maven-3.6.1\repository\xpp3\xpp3\1.1.4c\xpp3-1.1.4c.jar;D:\installSoft\apache-maven-3.6.1\repository\com\google\guava\guava\25.1-jre\guava-25.1-jre.jar;D:\installSoft\apache-maven-3.6.1\repository\org\checkerframework\checker-qual\2.0.0\checker-qual-2.0.0.jar;D:\installSoft\apache-maven-3.6.1\repository\com\google\errorprone\error_prone_annotations\2.1.3\error_prone_annotations-2.1.3.jar;D:\installSoft\apache-maven-3.6.1\repository\com\google\j2objc\j2objc-annotations\1.1\j2objc-annotations-1.1.jar;D:\installSoft\apache-maven-3.6.1\repository\org\codehaus\mojo\animal-sniffer-annotations\1.14\animal-sniffer-annotations-1.14.jar;D:\installSoft\apache-maven-3.6.1\repository\com\squareup\okhttp3\okhttp\3.8.1\okhttp-3.8.1.jar;D:\installSoft\apache-maven-3.6.1\repository\com\squareup\okio\okio\1.12.0\okio-1.12.0.jar;D:\installSoft\apache-maven-3.6.1\repository\joda-time\joda-time\2.10.3\joda-time-2.10.3.jar;D:\installSoft\apache-maven-3.6.1\repository\com\fasterxml\jackson\core\jackson-annotations\2.9.0\jackson-annotations-2.9.0.jar;D:\installSoft\apache-maven-3.6.1\repository\com\fasterxml\jackson\core\jackson-core\2.9.9\jackson-core-2.9.9.jar;D:\installSoft\apache-maven-3.6.1\repository\com\fasterxml\jackson\core\jackson-databind\2.9.9\jackson-databind-2.9.9.jar;D:\installSoft\apache-maven-3.6.1\repository\com\google\code\findbugs\annotations\3.0.1\annotations-3.0.1.jar;D:\installSoft\apache-maven-3.6.1\repository\net\jcip\jcip-annotations\1.0\jcip-annotations-1.0.jar;D:\installSoft\apache-maven-3.6.1\repository\com\google\code\findbugs\jsr305\3.0.1\jsr305-3.0.1.jar;D:\installSoft\apache-maven-3.6.1\repository\com\github\whvcse\easy-captcha\1.6.2\easy-captcha-1.6.2.jar;D:\installSoft\apache-maven-3.6.1\repository\com\alibaba\cloud\spring-cloud-alibaba-nacos-discovery\2.1.0.RELEASE\spring-cloud-alibaba-nacos-discovery-2.1.0.RELEASE.jar;D:\installSoft\apache-maven-3.6.1\repository\com\alibaba\nacos\nacos-client\1.1.1\nacos-client-1.1.1.jar;D:\installSoft\apache-maven-3.6.1\repository\com\alibaba\nacos\nacos-common\1.1.1\nacos-common-1.1.1.jar;D:\installSoft\apache-maven-3.6.1\repository\commons-io\commons-io\2.2\commons-io-2.2.jar;D:\installSoft\apache-maven-3.6.1\repository\org\apache\commons\commons-lang3\3.8.1\commons-lang3-3.8.1.jar;D:\installSoft\apache-maven-3.6.1\repository\com\alibaba\nacos\nacos-api\1.1.1\nacos-api-1.1.1.jar;D:\installSoft\apache-maven-3.6.1\repository\com\alibaba\fastjson\1.2.47\fastjson-1.2.47.jar;D:\installSoft\apache-maven-3.6.1\repository\commons-codec\commons-codec\1.11\commons-codec-1.11.jar;D:\installSoft\apache-maven-3.6.1\repository\io\prometheus\simpleclient\0.5.0\simpleclient-0.5.0.jar;D:\installSoft\apache-maven-3.6.1\repository\org\springframework\cloud\spring-cloud-commons\2.1.4.RELEASE\spring-cloud-commons-2.1.4.RELEASE.jar;D:\installSoft\apache-maven-3.6.1\repository\org\springframework\security\spring-security-crypto\5.1.6.RELEASE\spring-security-crypto-5.1.6.RELEASE.jar;D:\installSoft\apache-maven-3.6.1\repository\org\springframework\cloud\spring-cloud-context\2.1.4.RELEASE\spring-cloud-context-2.1.4.RELEASE.jar;D:\installSoft\apache-maven-3.6.1\repository\org\springframework\cloud\spring-cloud-starter-netflix-ribbon\2.1.4.RELEASE\spring-cloud-starter-netflix-ribbon-2.1.4.RELEASE.jar;D:\installSoft\apache-maven-3.6.1\repository\org\springframework\cloud\spring-cloud-netflix-ribbon\2.1.4.RELEASE\spring-cloud-netflix-ribbon-2.1.4.RELEASE.jar;D:\installSoft\apache-maven-3.6.1\repository\org\springframework\cloud\spring-cloud-netflix-archaius\2.1.4.RELEASE\spring-cloud-netflix-archaius-2.1.4.RELEASE.jar;D:\installSoft\apache-maven-3.6.1\repository\org\springframework\cloud\spring-cloud-starter-netflix-archaius\2.1.4.RELEASE\spring-cloud-starter-netflix-archaius-2.1.4.RELEASE.jar;D:\installSoft\apache-maven-3.6.1\repository\commons-configuration\commons-configuration\1.8\commons-configuration-1.8.jar;D:\installSoft\apache-maven-3.6.1\repository\com\netflix\ribbon\ribbon\2.3.0\ribbon-2.3.0.jar;D:\installSoft\apache-maven-3.6.1\repository\com\netflix\ribbon\ribbon-transport\2.3.0\ribbon-transport-2.3.0.jar;D:\installSoft\apache-maven-3.6.1\repository\io\reactivex\rxnetty-contexts\0.4.9\rxnetty-contexts-0.4.9.jar;D:\installSoft\apache-maven-3.6.1\repository\io\reactivex\rxnetty-servo\0.4.9\rxnetty-servo-0.4.9.jar;D:\installSoft\apache-maven-3.6.1\repository\javax\inject\javax.inject\1\javax.inject-1.jar;D:\installSoft\apache-maven-3.6.1\repository\io\reactivex\rxnetty\0.4.9\rxnetty-0.4.9.jar;D:\installSoft\apache-maven-3.6.1\repository\com\netflix\ribbon\ribbon-core\2.3.0\ribbon-core-2.3.0.jar;D:\installSoft\apache-maven-3.6.1\repository\commons-lang\commons-lang\2.6\commons-lang-2.6.jar;D:\installSoft\apache-maven-3.6.1\repository\com\netflix\ribbon\ribbon-httpclient\2.3.0\ribbon-httpclient-2.3.0.jar;D:\installSoft\apache-maven-3.6.1\repository\commons-collections\commons-collections\3.2.2\commons-collections-3.2.2.jar;D:\installSoft\apache-maven-3.6.1\repository\com\sun\jersey\jersey-client\1.19.1\jersey-client-1.19.1.jar;D:\installSoft\apache-maven-3.6.1\repository\com\sun\jersey\jersey-core\1.19.1\jersey-core-1.19.1.jar;D:\installSoft\apache-maven-3.6.1\repository\javax\ws\rs\jsr311-api\1.1.1\jsr311-api-1.1.1.jar;D:\installSoft\apache-maven-3.6.1\repository\com\sun\jersey\contribs\jersey-apache-client4\1.19.1\jersey-apache-client4-1.19.1.jar;D:\installSoft\apache-maven-3.6.1\repository\com\netflix\servo\servo-core\0.12.21\servo-core-0.12.21.jar;D:\installSoft\apache-maven-3.6.1\repository\com\netflix\netflix-commons\netflix-commons-util\0.3.0\netflix-commons-util-0.3.0.jar;D:\installSoft\apache-maven-3.6.1\repository\com\netflix\ribbon\ribbon-loadbalancer\2.3.0\ribbon-loadbalancer-2.3.0.jar;D:\installSoft\apache-maven-3.6.1\repository\com\netflix\netflix-commons\netflix-statistics\0.1.1\netflix-statistics-0.1.1.jar;D:\installSoft\apache-maven-3.6.1\repository\io\reactivex\rxjava\1.3.8\rxjava-1.3.8.jar;D:\installSoft\apache-maven-3.6.1\repository\org\springframework\cloud\spring-cloud-starter-openfeign\2.1.4.RELEASE\spring-cloud-starter-openfeign-2.1.4.RELEASE.jar;D:\installSoft\apache-maven-3.6.1\repository\org\springframework\cloud\spring-cloud-starter\2.1.4.RELEASE\spring-cloud-starter-2.1.4.RELEASE.jar;D:\installSoft\apache-maven-3.6.1\repository\org\springframework\security\spring-security-rsa\1.0.7.RELEASE\spring-security-rsa-1.0.7.RELEASE.jar;D:\installSoft\apache-maven-3.6.1\repository\org\bouncycastle\bcpkix-jdk15on\1.60\bcpkix-jdk15on-1.60.jar;D:\installSoft\apache-maven-3.6.1\repository\org\bouncycastle\bcprov-jdk15on\1.60\bcprov-jdk15on-1.60.jar;D:\installSoft\apache-maven-3.6.1\repository\org\springframework\cloud\spring-cloud-openfeign-core\2.1.4.RELEASE\spring-cloud-openfeign-core-2.1.4.RELEASE.jar;D:\installSoft\apache-maven-3.6.1\repository\io\github\openfeign\form\feign-form-spring\3.8.0\feign-form-spring-3.8.0.jar;D:\installSoft\apache-maven-3.6.1\repository\io\github\openfeign\form\feign-form\3.8.0\feign-form-3.8.0.jar;D:\installSoft\apache-maven-3.6.1\repository\commons-fileupload\commons-fileupload\1.4\commons-fileupload-1.4.jar;D:\installSoft\apache-maven-3.6.1\repository\org\springframework\spring-web\5.1.9.RELEASE\spring-web-5.1.9.RELEASE.jar;D:\installSoft\apache-maven-3.6.1\repository\org\springframework\spring-beans\5.1.9.RELEASE\spring-beans-5.1.9.RELEASE.jar;D:\installSoft\apache-maven-3.6.1\repository\org\springframework\spring-core\5.1.9.RELEASE\spring-core-5.1.9.RELEASE.jar;D:\installSoft\apache-maven-3.6.1\repository\org\springframework\spring-jcl\5.1.9.RELEASE\spring-jcl-5.1.9.RELEASE.jar;D:\installSoft\apache-maven-3.6.1\repository\io\github\openfeign\feign-core\10.4.0\feign-core-10.4.0.jar;D:\installSoft\apache-maven-3.6.1\repository\io\github\openfeign\feign-slf4j\10.4.0\feign-slf4j-10.4.0.jar;D:\installSoft\apache-maven-3.6.1\repository\org\slf4j\slf4j-api\1.7.26\slf4j-api-1.7.26.jar;D:\installSoft\apache-maven-3.6.1\repository\io\github\openfeign\feign-hystrix\10.4.0\feign-hystrix-10.4.0.jar;D:\installSoft\apache-maven-3.6.1\repository\com\netflix\archaius\archaius-core\0.7.6\archaius-core-0.7.6.jar;D:\installSoft\apache-maven-3.6.1\repository\com\netflix\hystrix\hystrix-core\1.5.18\hystrix-core-1.5.18.jar;D:\installSoft\apache-maven-3.6.1\repository\org\hdrhistogram\HdrHistogram\2.1.9\HdrHistogram-2.1.9.jar;D:\installSoft\apache-maven-3.6.1\repository\com\baomidou\mybatis-plus-boot-starter\3.3.1.tmp\mybatis-plus-boot-starter-3.3.1.tmp.jar;D:\installSoft\apache-maven-3.6.1\repository\com\baomidou\mybatis-plus\3.3.1.tmp\mybatis-plus-3.3.1.tmp.jar;D:\installSoft\apache-maven-3.6.1\repository\org\springframework\boot\spring-boot-autoconfigure\2.1.7.RELEASE\spring-boot-autoconfigure-2.1.7.RELEASE.jar;D:\installSoft\apache-maven-3.6.1\repository\org\springframework\boot\spring-boot\2.1.7.RELEASE\spring-boot-2.1.7.RELEASE.jar;D:\installSoft\apache-maven-3.6.1\repository\org\springframework\boot\spring-boot-starter-jdbc\2.1.7.RELEASE\spring-boot-starter-jdbc-2.1.7.RELEASE.jar;D:\installSoft\apache-maven-3.6.1\repository\com\zaxxer\HikariCP\3.2.0\HikariCP-3.2.0.jar;D:\installSoft\apache-maven-3.6.1\repository\org\springframework\spring-jdbc\5.1.9.RELEASE\spring-jdbc-5.1.9.RELEASE.jar;D:\installSoft\apache-maven-3.6.1\repository\org\springframework\spring-tx\5.1.9.RELEASE\spring-tx-5.1.9.RELEASE.jar;D:\installSoft\apache-maven-3.6.1\repository\com\baomidou\mybatis-plus-generator\3.3.1.tmp\mybatis-plus-generator-3.3.1.tmp.jar;D:\installSoft\apache-maven-3.6.1\repository\com\baomidou\mybatis-plus-extension\3.3.1.tmp\mybatis-plus-extension-3.3.1.tmp.jar;D:\installSoft\apache-maven-3.6.1\repository\com\baomidou\mybatis-plus-core\3.3.1.tmp\mybatis-plus-core-3.3.1.tmp.jar;D:\installSoft\apache-maven-3.6.1\repository\com\baomidou\mybatis-plus-annotation\3.3.1.tmp\mybatis-plus-annotation-3.3.1.tmp.jar;D:\installSoft\apache-maven-3.6.1\repository\com\github\jsqlparser\jsqlparser\3.1\jsqlparser-3.1.jar;D:\installSoft\apache-maven-3.6.1\repository\org\mybatis\mybatis\3.5.3\mybatis-3.5.3.jar;D:\installSoft\apache-maven-3.6.1\repository\org\mybatis\mybatis-spring\2.0.3\mybatis-spring-2.0.3.jar;D:\installSoft\apache-maven-3.6.1\repository\org\freemarker\freemarker\2.3.29\freemarker-2.3.29.jar;D:\installSoft\apache-maven-3.6.1\repository\org\springframework\boot\spring-boot-starter-security\2.1.7.RELEASE\spring-boot-starter-security-2.1.7.RELEASE.jar;D:\installSoft\apache-maven-3.6.1\repository\org\springframework\boot\spring-boot-starter\2.1.7.RELEASE\spring-boot-starter-2.1.7.RELEASE.jar;D:\installSoft\apache-maven-3.6.1\repository\org\springframework\boot\spring-boot-starter-logging\2.1.7.RELEASE\spring-boot-starter-logging-2.1.7.RELEASE.jar;D:\installSoft\apache-maven-3.6.1\repository\ch\qos\logback\logback-classic\1.2.3\logback-classic-1.2.3.jar;D:\installSoft\apache-maven-3.6.1\repository\ch\qos\logback\logback-core\1.2.3\logback-core-1.2.3.jar;D:\installSoft\apache-maven-3.6.1\repository\org\apache\logging\log4j\log4j-to-slf4j\2.11.2\log4j-to-slf4j-2.11.2.jar;D:\installSoft\apache-maven-3.6.1\repository\org\apache\logging\log4j\log4j-api\2.11.2\log4j-api-2.11.2.jar;D:\installSoft\apache-maven-3.6.1\repository\org\slf4j\jul-to-slf4j\1.7.26\jul-to-slf4j-1.7.26.jar;D:\installSoft\apache-maven-3.6.1\repository\javax\annotation\javax.annotation-api\1.3.2\javax.annotation-api-1.3.2.jar;D:\installSoft\apache-maven-3.6.1\repository\org\yaml\snakeyaml\1.23\snakeyaml-1.23.jar;D:\installSoft\apache-maven-3.6.1\repository\org\springframework\spring-aop\5.1.9.RELEASE\spring-aop-5.1.9.RELEASE.jar;D:\installSoft\apache-maven-3.6.1\repository\org\springframework\security\spring-security-config\5.1.6.RELEASE\spring-security-config-5.1.6.RELEASE.jar;D:\installSoft\apache-maven-3.6.1\repository\org\springframework\security\spring-security-core\5.1.6.RELEASE\spring-security-core-5.1.6.RELEASE.jar;D:\installSoft\apache-maven-3.6.1\repository\org\springframework\spring-context\5.1.9.RELEASE\spring-context-5.1.9.RELEASE.jar;D:\installSoft\apache-maven-3.6.1\repository\org\springframework\security\spring-security-web\5.1.6.RELEASE\spring-security-web-5.1.6.RELEASE.jar;D:\installSoft\apache-maven-3.6.1\repository\org\springframework\spring-expression\5.1.9.RELEASE\spring-expression-5.1.9.RELEASE.jar;D:\installSoft\apache-maven-3.6.1\repository\io\jsonwebtoken\jjwt\0.9.1\jjwt-0.9.1.jar;D:\installSoft\apache-maven-3.6.1\repository\com\github\ulisesbocchio\jasypt-spring-boot-starter\2.1.0\jasypt-spring-boot-starter-2.1.0.jar;D:\installSoft\apache-maven-3.6.1\repository\com\github\ulisesbocchio\jasypt-spring-boot\2.1.0\jasypt-spring-boot-2.1.0.jar;D:\installSoft\apache-maven-3.6.1\repository\org\jasypt\jasypt\1.9.2\jasypt-1.9.2.jar;E:\micro-tutor-it\tutor-it-common\target\tutor-it-common-1.0-SNAPSHOT.jar;D:\installSoft\apache-maven-3.6.1\repository\org\springframework\boot\spring-boot-starter-aop\2.1.7.RELEASE\spring-boot-starter-aop-2.1.7.RELEASE.jar;D:\installSoft\apache-maven-3.6.1\repository\org\aspectj\aspectjweaver\1.9.4\aspectjweaver-1.9.4.jar;D:\installSoft\apache-maven-3.6.1\repository\mysql\mysql-connector-java\8.0.17\mysql-connector-java-8.0.17.jar;D:\installSoft\apache-maven-3.6.1\repository\org\projectlombok\lombok\1.18.8\lombok-1.18.8.jar;D:\installSoft\apache-maven-3.6.1\repository\org\springframework\boot\spring-boot-starter-test\2.1.7.RELEASE\spring-boot-starter-test-2.1.7.RELEASE.jar;D:\installSoft\apache-maven-3.6.1\repository\org\springframework\boot\spring-boot-test\2.1.7.RELEASE\spring-boot-test-2.1.7.RELEASE.jar;D:\installSoft\apache-maven-3.6.1\repository\org\springframework\boot\spring-boot-test-autoconfigure\2.1.7.RELEASE\spring-boot-test-autoconfigure-2.1.7.RELEASE.jar;D:\installSoft\apache-maven-3.6.1\repository\com\jayway\jsonpath\json-path\2.4.0\json-path-2.4.0.jar;D:\installSoft\apache-maven-3.6.1\repository\net\minidev\json-smart\2.3\json-smart-2.3.jar;D:\installSoft\apache-maven-3.6.1\repository\net\minidev\accessors-smart\1.2\accessors-smart-1.2.jar;D:\installSoft\apache-maven-3.6.1\repository\org\ow2\asm\asm\5.0.4\asm-5.0.4.jar;D:\installSoft\apache-maven-3.6.1\repository\junit\junit\4.12\junit-4.12.jar;D:\installSoft\apache-maven-3.6.1\repository\org\assertj\assertj-core\3.11.1\assertj-core-3.11.1.jar;D:\installSoft\apache-maven-3.6.1\repository\org\mockito\mockito-core\2.23.4\mockito-core-2.23.4.jar;D:\installSoft\apache-maven-3.6.1\repository\net\bytebuddy\byte-buddy\1.9.16\byte-buddy-1.9.16.jar;D:\installSoft\apache-maven-3.6.1\repository\net\bytebuddy\byte-buddy-agent\1.9.16\byte-buddy-agent-1.9.16.jar;D:\installSoft\apache-maven-3.6.1\repository\org\objenesis\objenesis\2.6\objenesis-2.6.jar;D:\installSoft\apache-maven-3.6.1\repository\org\hamcrest\hamcrest-core\1.3\hamcrest-core-1.3.jar;D:\installSoft\apache-maven-3.6.1\repository\org\hamcrest\hamcrest-library\1.3\hamcrest-library-1.3.jar;D:\installSoft\apache-maven-3.6.1\repository\org\skyscreamer\jsonassert\1.5.0\jsonassert-1.5.0.jar;D:\installSoft\apache-maven-3.6.1\repository\com\vaadin\external\google\android-json\0.0.20131108.vaadin1\android-json-0.0.20131108.vaadin1.jar;D:\installSoft\apache-maven-3.6.1\repository\org\springframework\spring-test\5.1.9.RELEASE\spring-test-5.1.9.RELEASE.jar;D:\installSoft\apache-maven-3.6.1\repository\org\xmlunit\xmlunit-core\2.6.3\xmlunit-core-2.6.3.jar;D:\installSoft\apache-maven-3.6.1\repository\org\springframework\boot\spring-boot-configuration-processor\2.1.7.RELEASE\spring-boot-configuration-processor-2.1.7.RELEASE.jar;D:\installSoft\apache-maven-3.6.1\repository\org\springframework\boot\spring-boot-starter-data-redis\2.1.7.RELEASE\spring-boot-starter-data-redis-2.1.7.RELEASE.jar;D:\installSoft\apache-maven-3.6.1\repository\org\springframework\data\spring-data-redis\2.1.10.RELEASE\spring-data-redis-2.1.10.RELEASE.jar;D:\installSoft\apache-maven-3.6.1\repository\org\springframework\data\spring-data-keyvalue\2.1.10.RELEASE\spring-data-keyvalue-2.1.10.RELEASE.jar;D:\installSoft\apache-maven-3.6.1\repository\org\springframework\data\spring-data-commons\2.1.10.RELEASE\spring-data-commons-2.1.10.RELEASE.jar;D:\installSoft\apache-maven-3.6.1\repository\org\springframework\spring-oxm\5.1.9.RELEASE\spring-oxm-5.1.9.RELEASE.jar;D:\installSoft\apache-maven-3.6.1\repository\io\lettuce\lettuce-core\5.1.8.RELEASE\lettuce-core-5.1.8.RELEASE.jar;D:\installSoft\apache-maven-3.6.1\repository\io\netty\netty-common\4.1.38.Final\netty-common-4.1.38.Final.jar;D:\installSoft\apache-maven-3.6.1\repository\io\netty\netty-handler\4.1.38.Final\netty-handler-4.1.38.Final.jar;D:\installSoft\apache-maven-3.6.1\repository\io\netty\netty-buffer\4.1.38.Final\netty-buffer-4.1.38.Final.jar;D:\installSoft\apache-maven-3.6.1\repository\io\netty\netty-codec\4.1.38.Final\netty-codec-4.1.38.Final.jar;D:\installSoft\apache-maven-3.6.1\repository\io\netty\netty-transport\4.1.38.Final\netty-transport-4.1.38.Final.jar;D:\installSoft\apache-maven-3.6.1\repository\io\netty\netty-resolver\4.1.38.Final\netty-resolver-4.1.38.Final.jar;D:\installSoft\apache-maven-3.6.1\repository\io\projectreactor\reactor-core\3.2.11.RELEASE\reactor-core-3.2.11.RELEASE.jar;D:\installSoft\apache-maven-3.6.1\repository\org\reactivestreams\reactive-streams\1.0.2\reactive-streams-1.0.2.jar;D:\installSoft\apache-maven-3.6.1\repository\de\codecentric\spring-boot-admin-client\2.1.6\spring-boot-admin-client-2.1.6.jar;D:\installSoft\apache-maven-3.6.1\repository\org\springframework\boot\spring-boot-starter-actuator\2.1.7.RELEASE\spring-boot-starter-actuator-2.1.7.RELEASE.jar;D:\installSoft\apache-maven-3.6.1\repository\org\springframework\boot\spring-boot-actuator-autoconfigure\2.1.7.RELEASE\spring-boot-actuator-autoconfigure-2.1.7.RELEASE.jar;D:\installSoft\apache-maven-3.6.1\repository\org\springframework\boot\spring-boot-actuator\2.1.7.RELEASE\spring-boot-actuator-2.1.7.RELEASE.jar;D:\installSoft\apache-maven-3.6.1\repository\io\micrometer\micrometer-core\1.1.5\micrometer-core-1.1.5.jar;D:\installSoft\apache-maven-3.6.1\repository\org\latencyutils\LatencyUtils\2.0.3\LatencyUtils-2.0.3.jar;D:\installSoft\apache-maven-3.6.1\repository\org\jolokia\jolokia-core\1.6.2\jolokia-core-1.6.2.jar;D:\installSoft\apache-maven-3.6.1\repository\com\googlecode\json-simple\json-simple\1.1.1\json-simple-1.1.1.jar;D:\installSoft\apache-maven-3.6.1\repository\org\springframework\boot\spring-boot-starter-mail\2.1.7.RELEASE\spring-boot-starter-mail-2.1.7.RELEASE.jar;D:\installSoft\apache-maven-3.6.1\repository\org\springframework\spring-context-support\5.1.9.RELEASE\spring-context-support-5.1.9.RELEASE.jar;D:\installSoft\apache-maven-3.6.1\repository\com\sun\mail\javax.mail\1.6.2\javax.mail-1.6.2.jar;D:\installSoft\apache-maven-3.6.1\repository\javax\activation\activation\1.1\activation-1.1.jar;D:\installSoft\apache-maven-3.6.1\repository\org\springframework\boot\spring-boot-starter-web\2.1.7.RELEASE\spring-boot-starter-web-2.1.7.RELEASE.jar;D:\installSoft\apache-maven-3.6.1\repository\org\springframework\boot\spring-boot-starter-json\2.1.7.RELEASE\spring-boot-starter-json-2.1.7.RELEASE.jar;D:\installSoft\apache-maven-3.6.1\repository\com\fasterxml\jackson\datatype\jackson-datatype-jdk8\2.9.9\jackson-datatype-jdk8-2.9.9.jar;D:\installSoft\apache-maven-3.6.1\repository\com\fasterxml\jackson\datatype\jackson-datatype-jsr310\2.9.9\jackson-datatype-jsr310-2.9.9.jar;D:\installSoft\apache-maven-3.6.1\repository\com\fasterxml\jackson\module\jackson-module-parameter-names\2.9.9\jackson-module-parameter-names-2.9.9.jar;D:\installSoft\apache-maven-3.6.1\repository\org\springframework\boot\spring-boot-starter-tomcat\2.1.7.RELEASE\spring-boot-starter-tomcat-2.1.7.RELEASE.jar;D:\installSoft\apache-maven-3.6.1\repository\org\apache\tomcat\embed\tomcat-embed-core\9.0.22\tomcat-embed-core-9.0.22.jar;D:\installSoft\apache-maven-3.6.1\repository\org\apache\tomcat\embed\tomcat-embed-el\9.0.22\tomcat-embed-el-9.0.22.jar;D:\installSoft\apache-maven-3.6.1\repository\org\apache\tomcat\embed\tomcat-embed-websocket\9.0.22\tomcat-embed-websocket-9.0.22.jar;D:\installSoft\apache-maven-3.6.1\repository\org\hibernate\validator\hibernate-validator\6.0.17.Final\hibernate-validator-6.0.17.Final.jar;D:\installSoft\apache-maven-3.6.1\repository\javax\validation\validation-api\2.0.1.Final\validation-api-2.0.1.Final.jar;D:\installSoft\apache-maven-3.6.1\repository\org\jboss\logging\jboss-logging\3.3.2.Final\jboss-logging-3.3.2.Final.jar;D:\installSoft\apache-maven-3.6.1\repository\com\fasterxml\classmate\1.4.0\classmate-1.4.0.jar;D:\installSoft\apache-maven-3.6.1\repository\org\springframework\spring-webmvc\5.1.9.RELEASE\spring-webmvc-5.1.9.RELEASE.jar;D:\installSoft\apache-maven-3.6.1\repository\cn\hutool\hutool-all\5.1.1\hutool-all-5.1.1.jar;"/>
    <property name="java.vm.vendor" value="Oracle Corporation"/>
    <property name="sun.arch.data.model" value="64"/>
    <property name="user.variant" value=""/>
    <property name="java.vendor.url" value="http://java.oracle.com/"/>
    <property name="user.timezone" value="Asia/Shanghai"/>
    <property name="java.vm.specification.version" value="1.8"/>
    <property name="os.name" value="Windows 10"/>
    <property name="user.country" value="CN"/>
    <property name="sun.java.launcher" value="SUN_STANDARD"/>
    <property name="sun.boot.library.path" value="C:\Program Files\Java\jdk1.8.0_172\jre\bin"/>
    <property name="sun.java.command" value="C:\Users\ADMINI~1\AppData\Local\Temp\surefire5133930643165472118\surefirebooter2276601047868368449.jar C:\Users\Administrator\AppData\Local\Temp\surefire5133930643165472118 2020-05-26T10-28-48_457-jvmRun1 surefire8472433618823684945tmp surefire_0430730872413921483tmp"/>
    <property name="surefire.test.class.path" value="E:\micro-tutor-it\tutor-it-services\tutor-it-video\target\test-classes;E:\micro-tutor-it\tutor-it-services\tutor-it-video\target\classes;D:\installSoft\apache-maven-3.6.1\repository\io\minio\minio\6.0.2\minio-6.0.2.jar;D:\installSoft\apache-maven-3.6.1\repository\com\google\http-client\google-http-client-xml\1.20.0\google-http-client-xml-1.20.0.jar;D:\installSoft\apache-maven-3.6.1\repository\com\google\http-client\google-http-client\1.20.0\google-http-client-1.20.0.jar;D:\installSoft\apache-maven-3.6.1\repository\org\apache\httpcomponents\httpclient\4.5.9\httpclient-4.5.9.jar;D:\installSoft\apache-maven-3.6.1\repository\org\apache\httpcomponents\httpcore\4.4.11\httpcore-4.4.11.jar;D:\installSoft\apache-maven-3.6.1\repository\xpp3\xpp3\1.1.4c\xpp3-1.1.4c.jar;D:\installSoft\apache-maven-3.6.1\repository\com\google\guava\guava\25.1-jre\guava-25.1-jre.jar;D:\installSoft\apache-maven-3.6.1\repository\org\checkerframework\checker-qual\2.0.0\checker-qual-2.0.0.jar;D:\installSoft\apache-maven-3.6.1\repository\com\google\errorprone\error_prone_annotations\2.1.3\error_prone_annotations-2.1.3.jar;D:\installSoft\apache-maven-3.6.1\repository\com\google\j2objc\j2objc-annotations\1.1\j2objc-annotations-1.1.jar;D:\installSoft\apache-maven-3.6.1\repository\org\codehaus\mojo\animal-sniffer-annotations\1.14\animal-sniffer-annotations-1.14.jar;D:\installSoft\apache-maven-3.6.1\repository\com\squareup\okhttp3\okhttp\3.8.1\okhttp-3.8.1.jar;D:\installSoft\apache-maven-3.6.1\repository\com\squareup\okio\okio\1.12.0\okio-1.12.0.jar;D:\installSoft\apache-maven-3.6.1\repository\joda-time\joda-time\2.10.3\joda-time-2.10.3.jar;D:\installSoft\apache-maven-3.6.1\repository\com\fasterxml\jackson\core\jackson-annotations\2.9.0\jackson-annotations-2.9.0.jar;D:\installSoft\apache-maven-3.6.1\repository\com\fasterxml\jackson\core\jackson-core\2.9.9\jackson-core-2.9.9.jar;D:\installSoft\apache-maven-3.6.1\repository\com\fasterxml\jackson\core\jackson-databind\2.9.9\jackson-databind-2.9.9.jar;D:\installSoft\apache-maven-3.6.1\repository\com\google\code\findbugs\annotations\3.0.1\annotations-3.0.1.jar;D:\installSoft\apache-maven-3.6.1\repository\net\jcip\jcip-annotations\1.0\jcip-annotations-1.0.jar;D:\installSoft\apache-maven-3.6.1\repository\com\google\code\findbugs\jsr305\3.0.1\jsr305-3.0.1.jar;D:\installSoft\apache-maven-3.6.1\repository\com\github\whvcse\easy-captcha\1.6.2\easy-captcha-1.6.2.jar;D:\installSoft\apache-maven-3.6.1\repository\com\alibaba\cloud\spring-cloud-alibaba-nacos-discovery\2.1.0.RELEASE\spring-cloud-alibaba-nacos-discovery-2.1.0.RELEASE.jar;D:\installSoft\apache-maven-3.6.1\repository\com\alibaba\nacos\nacos-client\1.1.1\nacos-client-1.1.1.jar;D:\installSoft\apache-maven-3.6.1\repository\com\alibaba\nacos\nacos-common\1.1.1\nacos-common-1.1.1.jar;D:\installSoft\apache-maven-3.6.1\repository\commons-io\commons-io\2.2\commons-io-2.2.jar;D:\installSoft\apache-maven-3.6.1\repository\org\apache\commons\commons-lang3\3.8.1\commons-lang3-3.8.1.jar;D:\installSoft\apache-maven-3.6.1\repository\com\alibaba\nacos\nacos-api\1.1.1\nacos-api-1.1.1.jar;D:\installSoft\apache-maven-3.6.1\repository\com\alibaba\fastjson\1.2.47\fastjson-1.2.47.jar;D:\installSoft\apache-maven-3.6.1\repository\commons-codec\commons-codec\1.11\commons-codec-1.11.jar;D:\installSoft\apache-maven-3.6.1\repository\io\prometheus\simpleclient\0.5.0\simpleclient-0.5.0.jar;D:\installSoft\apache-maven-3.6.1\repository\org\springframework\cloud\spring-cloud-commons\2.1.4.RELEASE\spring-cloud-commons-2.1.4.RELEASE.jar;D:\installSoft\apache-maven-3.6.1\repository\org\springframework\security\spring-security-crypto\5.1.6.RELEASE\spring-security-crypto-5.1.6.RELEASE.jar;D:\installSoft\apache-maven-3.6.1\repository\org\springframework\cloud\spring-cloud-context\2.1.4.RELEASE\spring-cloud-context-2.1.4.RELEASE.jar;D:\installSoft\apache-maven-3.6.1\repository\org\springframework\cloud\spring-cloud-starter-netflix-ribbon\2.1.4.RELEASE\spring-cloud-starter-netflix-ribbon-2.1.4.RELEASE.jar;D:\installSoft\apache-maven-3.6.1\repository\org\springframework\cloud\spring-cloud-netflix-ribbon\2.1.4.RELEASE\spring-cloud-netflix-ribbon-2.1.4.RELEASE.jar;D:\installSoft\apache-maven-3.6.1\repository\org\springframework\cloud\spring-cloud-netflix-archaius\2.1.4.RELEASE\spring-cloud-netflix-archaius-2.1.4.RELEASE.jar;D:\installSoft\apache-maven-3.6.1\repository\org\springframework\cloud\spring-cloud-starter-netflix-archaius\2.1.4.RELEASE\spring-cloud-starter-netflix-archaius-2.1.4.RELEASE.jar;D:\installSoft\apache-maven-3.6.1\repository\commons-configuration\commons-configuration\1.8\commons-configuration-1.8.jar;D:\installSoft\apache-maven-3.6.1\repository\com\netflix\ribbon\ribbon\2.3.0\ribbon-2.3.0.jar;D:\installSoft\apache-maven-3.6.1\repository\com\netflix\ribbon\ribbon-transport\2.3.0\ribbon-transport-2.3.0.jar;D:\installSoft\apache-maven-3.6.1\repository\io\reactivex\rxnetty-contexts\0.4.9\rxnetty-contexts-0.4.9.jar;D:\installSoft\apache-maven-3.6.1\repository\io\reactivex\rxnetty-servo\0.4.9\rxnetty-servo-0.4.9.jar;D:\installSoft\apache-maven-3.6.1\repository\javax\inject\javax.inject\1\javax.inject-1.jar;D:\installSoft\apache-maven-3.6.1\repository\io\reactivex\rxnetty\0.4.9\rxnetty-0.4.9.jar;D:\installSoft\apache-maven-3.6.1\repository\com\netflix\ribbon\ribbon-core\2.3.0\ribbon-core-2.3.0.jar;D:\installSoft\apache-maven-3.6.1\repository\commons-lang\commons-lang\2.6\commons-lang-2.6.jar;D:\installSoft\apache-maven-3.6.1\repository\com\netflix\ribbon\ribbon-httpclient\2.3.0\ribbon-httpclient-2.3.0.jar;D:\installSoft\apache-maven-3.6.1\repository\commons-collections\commons-collections\3.2.2\commons-collections-3.2.2.jar;D:\installSoft\apache-maven-3.6.1\repository\com\sun\jersey\jersey-client\1.19.1\jersey-client-1.19.1.jar;D:\installSoft\apache-maven-3.6.1\repository\com\sun\jersey\jersey-core\1.19.1\jersey-core-1.19.1.jar;D:\installSoft\apache-maven-3.6.1\repository\javax\ws\rs\jsr311-api\1.1.1\jsr311-api-1.1.1.jar;D:\installSoft\apache-maven-3.6.1\repository\com\sun\jersey\contribs\jersey-apache-client4\1.19.1\jersey-apache-client4-1.19.1.jar;D:\installSoft\apache-maven-3.6.1\repository\com\netflix\servo\servo-core\0.12.21\servo-core-0.12.21.jar;D:\installSoft\apache-maven-3.6.1\repository\com\netflix\netflix-commons\netflix-commons-util\0.3.0\netflix-commons-util-0.3.0.jar;D:\installSoft\apache-maven-3.6.1\repository\com\netflix\ribbon\ribbon-loadbalancer\2.3.0\ribbon-loadbalancer-2.3.0.jar;D:\installSoft\apache-maven-3.6.1\repository\com\netflix\netflix-commons\netflix-statistics\0.1.1\netflix-statistics-0.1.1.jar;D:\installSoft\apache-maven-3.6.1\repository\io\reactivex\rxjava\1.3.8\rxjava-1.3.8.jar;D:\installSoft\apache-maven-3.6.1\repository\org\springframework\cloud\spring-cloud-starter-openfeign\2.1.4.RELEASE\spring-cloud-starter-openfeign-2.1.4.RELEASE.jar;D:\installSoft\apache-maven-3.6.1\repository\org\springframework\cloud\spring-cloud-starter\2.1.4.RELEASE\spring-cloud-starter-2.1.4.RELEASE.jar;D:\installSoft\apache-maven-3.6.1\repository\org\springframework\security\spring-security-rsa\1.0.7.RELEASE\spring-security-rsa-1.0.7.RELEASE.jar;D:\installSoft\apache-maven-3.6.1\repository\org\bouncycastle\bcpkix-jdk15on\1.60\bcpkix-jdk15on-1.60.jar;D:\installSoft\apache-maven-3.6.1\repository\org\bouncycastle\bcprov-jdk15on\1.60\bcprov-jdk15on-1.60.jar;D:\installSoft\apache-maven-3.6.1\repository\org\springframework\cloud\spring-cloud-openfeign-core\2.1.4.RELEASE\spring-cloud-openfeign-core-2.1.4.RELEASE.jar;D:\installSoft\apache-maven-3.6.1\repository\io\github\openfeign\form\feign-form-spring\3.8.0\feign-form-spring-3.8.0.jar;D:\installSoft\apache-maven-3.6.1\repository\io\github\openfeign\form\feign-form\3.8.0\feign-form-3.8.0.jar;D:\installSoft\apache-maven-3.6.1\repository\commons-fileupload\commons-fileupload\1.4\commons-fileupload-1.4.jar;D:\installSoft\apache-maven-3.6.1\repository\org\springframework\spring-web\5.1.9.RELEASE\spring-web-5.1.9.RELEASE.jar;D:\installSoft\apache-maven-3.6.1\repository\org\springframework\spring-beans\5.1.9.RELEASE\spring-beans-5.1.9.RELEASE.jar;D:\installSoft\apache-maven-3.6.1\repository\org\springframework\spring-core\5.1.9.RELEASE\spring-core-5.1.9.RELEASE.jar;D:\installSoft\apache-maven-3.6.1\repository\org\springframework\spring-jcl\5.1.9.RELEASE\spring-jcl-5.1.9.RELEASE.jar;D:\installSoft\apache-maven-3.6.1\repository\io\github\openfeign\feign-core\10.4.0\feign-core-10.4.0.jar;D:\installSoft\apache-maven-3.6.1\repository\io\github\openfeign\feign-slf4j\10.4.0\feign-slf4j-10.4.0.jar;D:\installSoft\apache-maven-3.6.1\repository\org\slf4j\slf4j-api\1.7.26\slf4j-api-1.7.26.jar;D:\installSoft\apache-maven-3.6.1\repository\io\github\openfeign\feign-hystrix\10.4.0\feign-hystrix-10.4.0.jar;D:\installSoft\apache-maven-3.6.1\repository\com\netflix\archaius\archaius-core\0.7.6\archaius-core-0.7.6.jar;D:\installSoft\apache-maven-3.6.1\repository\com\netflix\hystrix\hystrix-core\1.5.18\hystrix-core-1.5.18.jar;D:\installSoft\apache-maven-3.6.1\repository\org\hdrhistogram\HdrHistogram\2.1.9\HdrHistogram-2.1.9.jar;D:\installSoft\apache-maven-3.6.1\repository\com\baomidou\mybatis-plus-boot-starter\3.3.1.tmp\mybatis-plus-boot-starter-3.3.1.tmp.jar;D:\installSoft\apache-maven-3.6.1\repository\com\baomidou\mybatis-plus\3.3.1.tmp\mybatis-plus-3.3.1.tmp.jar;D:\installSoft\apache-maven-3.6.1\repository\org\springframework\boot\spring-boot-autoconfigure\2.1.7.RELEASE\spring-boot-autoconfigure-2.1.7.RELEASE.jar;D:\installSoft\apache-maven-3.6.1\repository\org\springframework\boot\spring-boot\2.1.7.RELEASE\spring-boot-2.1.7.RELEASE.jar;D:\installSoft\apache-maven-3.6.1\repository\org\springframework\boot\spring-boot-starter-jdbc\2.1.7.RELEASE\spring-boot-starter-jdbc-2.1.7.RELEASE.jar;D:\installSoft\apache-maven-3.6.1\repository\com\zaxxer\HikariCP\3.2.0\HikariCP-3.2.0.jar;D:\installSoft\apache-maven-3.6.1\repository\org\springframework\spring-jdbc\5.1.9.RELEASE\spring-jdbc-5.1.9.RELEASE.jar;D:\installSoft\apache-maven-3.6.1\repository\org\springframework\spring-tx\5.1.9.RELEASE\spring-tx-5.1.9.RELEASE.jar;D:\installSoft\apache-maven-3.6.1\repository\com\baomidou\mybatis-plus-generator\3.3.1.tmp\mybatis-plus-generator-3.3.1.tmp.jar;D:\installSoft\apache-maven-3.6.1\repository\com\baomidou\mybatis-plus-extension\3.3.1.tmp\mybatis-plus-extension-3.3.1.tmp.jar;D:\installSoft\apache-maven-3.6.1\repository\com\baomidou\mybatis-plus-core\3.3.1.tmp\mybatis-plus-core-3.3.1.tmp.jar;D:\installSoft\apache-maven-3.6.1\repository\com\baomidou\mybatis-plus-annotation\3.3.1.tmp\mybatis-plus-annotation-3.3.1.tmp.jar;D:\installSoft\apache-maven-3.6.1\repository\com\github\jsqlparser\jsqlparser\3.1\jsqlparser-3.1.jar;D:\installSoft\apache-maven-3.6.1\repository\org\mybatis\mybatis\3.5.3\mybatis-3.5.3.jar;D:\installSoft\apache-maven-3.6.1\repository\org\mybatis\mybatis-spring\2.0.3\mybatis-spring-2.0.3.jar;D:\installSoft\apache-maven-3.6.1\repository\org\freemarker\freemarker\2.3.29\freemarker-2.3.29.jar;D:\installSoft\apache-maven-3.6.1\repository\org\springframework\boot\spring-boot-starter-security\2.1.7.RELEASE\spring-boot-starter-security-2.1.7.RELEASE.jar;D:\installSoft\apache-maven-3.6.1\repository\org\springframework\boot\spring-boot-starter\2.1.7.RELEASE\spring-boot-starter-2.1.7.RELEASE.jar;D:\installSoft\apache-maven-3.6.1\repository\org\springframework\boot\spring-boot-starter-logging\2.1.7.RELEASE\spring-boot-starter-logging-2.1.7.RELEASE.jar;D:\installSoft\apache-maven-3.6.1\repository\ch\qos\logback\logback-classic\1.2.3\logback-classic-1.2.3.jar;D:\installSoft\apache-maven-3.6.1\repository\ch\qos\logback\logback-core\1.2.3\logback-core-1.2.3.jar;D:\installSoft\apache-maven-3.6.1\repository\org\apache\logging\log4j\log4j-to-slf4j\2.11.2\log4j-to-slf4j-2.11.2.jar;D:\installSoft\apache-maven-3.6.1\repository\org\apache\logging\log4j\log4j-api\2.11.2\log4j-api-2.11.2.jar;D:\installSoft\apache-maven-3.6.1\repository\org\slf4j\jul-to-slf4j\1.7.26\jul-to-slf4j-1.7.26.jar;D:\installSoft\apache-maven-3.6.1\repository\javax\annotation\javax.annotation-api\1.3.2\javax.annotation-api-1.3.2.jar;D:\installSoft\apache-maven-3.6.1\repository\org\yaml\snakeyaml\1.23\snakeyaml-1.23.jar;D:\installSoft\apache-maven-3.6.1\repository\org\springframework\spring-aop\5.1.9.RELEASE\spring-aop-5.1.9.RELEASE.jar;D:\installSoft\apache-maven-3.6.1\repository\org\springframework\security\spring-security-config\5.1.6.RELEASE\spring-security-config-5.1.6.RELEASE.jar;D:\installSoft\apache-maven-3.6.1\repository\org\springframework\security\spring-security-core\5.1.6.RELEASE\spring-security-core-5.1.6.RELEASE.jar;D:\installSoft\apache-maven-3.6.1\repository\org\springframework\spring-context\5.1.9.RELEASE\spring-context-5.1.9.RELEASE.jar;D:\installSoft\apache-maven-3.6.1\repository\org\springframework\security\spring-security-web\5.1.6.RELEASE\spring-security-web-5.1.6.RELEASE.jar;D:\installSoft\apache-maven-3.6.1\repository\org\springframework\spring-expression\5.1.9.RELEASE\spring-expression-5.1.9.RELEASE.jar;D:\installSoft\apache-maven-3.6.1\repository\io\jsonwebtoken\jjwt\0.9.1\jjwt-0.9.1.jar;D:\installSoft\apache-maven-3.6.1\repository\com\github\ulisesbocchio\jasypt-spring-boot-starter\2.1.0\jasypt-spring-boot-starter-2.1.0.jar;D:\installSoft\apache-maven-3.6.1\repository\com\github\ulisesbocchio\jasypt-spring-boot\2.1.0\jasypt-spring-boot-2.1.0.jar;D:\installSoft\apache-maven-3.6.1\repository\org\jasypt\jasypt\1.9.2\jasypt-1.9.2.jar;E:\micro-tutor-it\tutor-it-common\target\tutor-it-common-1.0-SNAPSHOT.jar;D:\installSoft\apache-maven-3.6.1\repository\org\springframework\boot\spring-boot-starter-aop\2.1.7.RELEASE\spring-boot-starter-aop-2.1.7.RELEASE.jar;D:\installSoft\apache-maven-3.6.1\repository\org\aspectj\aspectjweaver\1.9.4\aspectjweaver-1.9.4.jar;D:\installSoft\apache-maven-3.6.1\repository\mysql\mysql-connector-java\8.0.17\mysql-connector-java-8.0.17.jar;D:\installSoft\apache-maven-3.6.1\repository\org\projectlombok\lombok\1.18.8\lombok-1.18.8.jar;D:\installSoft\apache-maven-3.6.1\repository\org\springframework\boot\spring-boot-starter-test\2.1.7.RELEASE\spring-boot-starter-test-2.1.7.RELEASE.jar;D:\installSoft\apache-maven-3.6.1\repository\org\springframework\boot\spring-boot-test\2.1.7.RELEASE\spring-boot-test-2.1.7.RELEASE.jar;D:\installSoft\apache-maven-3.6.1\repository\org\springframework\boot\spring-boot-test-autoconfigure\2.1.7.RELEASE\spring-boot-test-autoconfigure-2.1.7.RELEASE.jar;D:\installSoft\apache-maven-3.6.1\repository\com\jayway\jsonpath\json-path\2.4.0\json-path-2.4.0.jar;D:\installSoft\apache-maven-3.6.1\repository\net\minidev\json-smart\2.3\json-smart-2.3.jar;D:\installSoft\apache-maven-3.6.1\repository\net\minidev\accessors-smart\1.2\accessors-smart-1.2.jar;D:\installSoft\apache-maven-3.6.1\repository\org\ow2\asm\asm\5.0.4\asm-5.0.4.jar;D:\installSoft\apache-maven-3.6.1\repository\junit\junit\4.12\junit-4.12.jar;D:\installSoft\apache-maven-3.6.1\repository\org\assertj\assertj-core\3.11.1\assertj-core-3.11.1.jar;D:\installSoft\apache-maven-3.6.1\repository\org\mockito\mockito-core\2.23.4\mockito-core-2.23.4.jar;D:\installSoft\apache-maven-3.6.1\repository\net\bytebuddy\byte-buddy\1.9.16\byte-buddy-1.9.16.jar;D:\installSoft\apache-maven-3.6.1\repository\net\bytebuddy\byte-buddy-agent\1.9.16\byte-buddy-agent-1.9.16.jar;D:\installSoft\apache-maven-3.6.1\repository\org\objenesis\objenesis\2.6\objenesis-2.6.jar;D:\installSoft\apache-maven-3.6.1\repository\org\hamcrest\hamcrest-core\1.3\hamcrest-core-1.3.jar;D:\installSoft\apache-maven-3.6.1\repository\org\hamcrest\hamcrest-library\1.3\hamcrest-library-1.3.jar;D:\installSoft\apache-maven-3.6.1\repository\org\skyscreamer\jsonassert\1.5.0\jsonassert-1.5.0.jar;D:\installSoft\apache-maven-3.6.1\repository\com\vaadin\external\google\android-json\0.0.20131108.vaadin1\android-json-0.0.20131108.vaadin1.jar;D:\installSoft\apache-maven-3.6.1\repository\org\springframework\spring-test\5.1.9.RELEASE\spring-test-5.1.9.RELEASE.jar;D:\installSoft\apache-maven-3.6.1\repository\org\xmlunit\xmlunit-core\2.6.3\xmlunit-core-2.6.3.jar;D:\installSoft\apache-maven-3.6.1\repository\org\springframework\boot\spring-boot-configuration-processor\2.1.7.RELEASE\spring-boot-configuration-processor-2.1.7.RELEASE.jar;D:\installSoft\apache-maven-3.6.1\repository\org\springframework\boot\spring-boot-starter-data-redis\2.1.7.RELEASE\spring-boot-starter-data-redis-2.1.7.RELEASE.jar;D:\installSoft\apache-maven-3.6.1\repository\org\springframework\data\spring-data-redis\2.1.10.RELEASE\spring-data-redis-2.1.10.RELEASE.jar;D:\installSoft\apache-maven-3.6.1\repository\org\springframework\data\spring-data-keyvalue\2.1.10.RELEASE\spring-data-keyvalue-2.1.10.RELEASE.jar;D:\installSoft\apache-maven-3.6.1\repository\org\springframework\data\spring-data-commons\2.1.10.RELEASE\spring-data-commons-2.1.10.RELEASE.jar;D:\installSoft\apache-maven-3.6.1\repository\org\springframework\spring-oxm\5.1.9.RELEASE\spring-oxm-5.1.9.RELEASE.jar;D:\installSoft\apache-maven-3.6.1\repository\io\lettuce\lettuce-core\5.1.8.RELEASE\lettuce-core-5.1.8.RELEASE.jar;D:\installSoft\apache-maven-3.6.1\repository\io\netty\netty-common\4.1.38.Final\netty-common-4.1.38.Final.jar;D:\installSoft\apache-maven-3.6.1\repository\io\netty\netty-handler\4.1.38.Final\netty-handler-4.1.38.Final.jar;D:\installSoft\apache-maven-3.6.1\repository\io\netty\netty-buffer\4.1.38.Final\netty-buffer-4.1.38.Final.jar;D:\installSoft\apache-maven-3.6.1\repository\io\netty\netty-codec\4.1.38.Final\netty-codec-4.1.38.Final.jar;D:\installSoft\apache-maven-3.6.1\repository\io\netty\netty-transport\4.1.38.Final\netty-transport-4.1.38.Final.jar;D:\installSoft\apache-maven-3.6.1\repository\io\netty\netty-resolver\4.1.38.Final\netty-resolver-4.1.38.Final.jar;D:\installSoft\apache-maven-3.6.1\repository\io\projectreactor\reactor-core\3.2.11.RELEASE\reactor-core-3.2.11.RELEASE.jar;D:\installSoft\apache-maven-3.6.1\repository\org\reactivestreams\reactive-streams\1.0.2\reactive-streams-1.0.2.jar;D:\installSoft\apache-maven-3.6.1\repository\de\codecentric\spring-boot-admin-client\2.1.6\spring-boot-admin-client-2.1.6.jar;D:\installSoft\apache-maven-3.6.1\repository\org\springframework\boot\spring-boot-starter-actuator\2.1.7.RELEASE\spring-boot-starter-actuator-2.1.7.RELEASE.jar;D:\installSoft\apache-maven-3.6.1\repository\org\springframework\boot\spring-boot-actuator-autoconfigure\2.1.7.RELEASE\spring-boot-actuator-autoconfigure-2.1.7.RELEASE.jar;D:\installSoft\apache-maven-3.6.1\repository\org\springframework\boot\spring-boot-actuator\2.1.7.RELEASE\spring-boot-actuator-2.1.7.RELEASE.jar;D:\installSoft\apache-maven-3.6.1\repository\io\micrometer\micrometer-core\1.1.5\micrometer-core-1.1.5.jar;D:\installSoft\apache-maven-3.6.1\repository\org\latencyutils\LatencyUtils\2.0.3\LatencyUtils-2.0.3.jar;D:\installSoft\apache-maven-3.6.1\repository\org\jolokia\jolokia-core\1.6.2\jolokia-core-1.6.2.jar;D:\installSoft\apache-maven-3.6.1\repository\com\googlecode\json-simple\json-simple\1.1.1\json-simple-1.1.1.jar;D:\installSoft\apache-maven-3.6.1\repository\org\springframework\boot\spring-boot-starter-mail\2.1.7.RELEASE\spring-boot-starter-mail-2.1.7.RELEASE.jar;D:\installSoft\apache-maven-3.6.1\repository\org\springframework\spring-context-support\5.1.9.RELEASE\spring-context-support-5.1.9.RELEASE.jar;D:\installSoft\apache-maven-3.6.1\repository\com\sun\mail\javax.mail\1.6.2\javax.mail-1.6.2.jar;D:\installSoft\apache-maven-3.6.1\repository\javax\activation\activation\1.1\activation-1.1.jar;D:\installSoft\apache-maven-3.6.1\repository\org\springframework\boot\spring-boot-starter-web\2.1.7.RELEASE\spring-boot-starter-web-2.1.7.RELEASE.jar;D:\installSoft\apache-maven-3.6.1\repository\org\springframework\boot\spring-boot-starter-json\2.1.7.RELEASE\spring-boot-starter-json-2.1.7.RELEASE.jar;D:\installSoft\apache-maven-3.6.1\repository\com\fasterxml\jackson\datatype\jackson-datatype-jdk8\2.9.9\jackson-datatype-jdk8-2.9.9.jar;D:\installSoft\apache-maven-3.6.1\repository\com\fasterxml\jackson\datatype\jackson-datatype-jsr310\2.9.9\jackson-datatype-jsr310-2.9.9.jar;D:\installSoft\apache-maven-3.6.1\repository\com\fasterxml\jackson\module\jackson-module-parameter-names\2.9.9\jackson-module-parameter-names-2.9.9.jar;D:\installSoft\apache-maven-3.6.1\repository\org\springframework\boot\spring-boot-starter-tomcat\2.1.7.RELEASE\spring-boot-starter-tomcat-2.1.7.RELEASE.jar;D:\installSoft\apache-maven-3.6.1\repository\org\apache\tomcat\embed\tomcat-embed-core\9.0.22\tomcat-embed-core-9.0.22.jar;D:\installSoft\apache-maven-3.6.1\repository\org\apache\tomcat\embed\tomcat-embed-el\9.0.22\tomcat-embed-el-9.0.22.jar;D:\installSoft\apache-maven-3.6.1\repository\org\apache\tomcat\embed\tomcat-embed-websocket\9.0.22\tomcat-embed-websocket-9.0.22.jar;D:\installSoft\apache-maven-3.6.1\repository\org\hibernate\validator\hibernate-validator\6.0.17.Final\hibernate-validator-6.0.17.Final.jar;D:\installSoft\apache-maven-3.6.1\repository\javax\validation\validation-api\2.0.1.Final\validation-api-2.0.1.Final.jar;D:\installSoft\apache-maven-3.6.1\repository\org\jboss\logging\jboss-logging\3.3.2.Final\jboss-logging-3.3.2.Final.jar;D:\installSoft\apache-maven-3.6.1\repository\com\fasterxml\classmate\1.4.0\classmate-1.4.0.jar;D:\installSoft\apache-maven-3.6.1\repository\org\springframework\spring-webmvc\5.1.9.RELEASE\spring-webmvc-5.1.9.RELEASE.jar;D:\installSoft\apache-maven-3.6.1\repository\cn\hutool\hutool-all\5.1.1\hutool-all-5.1.1.jar;"/>
    <property name="sun.cpu.endian" value="little"/>
    <property name="user.home" value="C:\Users\Administrator"/>
    <property name="user.language" value="zh"/>
    <property name="java.specification.vendor" value="Oracle Corporation"/>
    <property name="java.home" value="C:\Program Files\Java\jdk1.8.0_172\jre"/>
    <property name="basedir" value="E:\micro-tutor-it\tutor-it-services\tutor-it-video"/>
    <property name="file.separator" value="\"/>
    <property name="line.separator" value="&#10;"/>
    <property name="java.vm.specification.vendor" value="Oracle Corporation"/>
    <property name="java.specification.name" value="Java Platform API Specification"/>
    <property name="java.awt.graphicsenv" value="sun.awt.Win32GraphicsEnvironment"/>
    <property name="idea.version2020.1.1" value="true"/>
    <property name="surefire.real.class.path" value="C:\Users\ADMINI~1\AppData\Local\Temp\surefire5133930643165472118\surefirebooter2276601047868368449.jar"/>
    <property name="sun.boot.class.path" value="C:\Program Files\Java\jdk1.8.0_172\jre\lib\resources.jar;C:\Program Files\Java\jdk1.8.0_172\jre\lib\rt.jar;C:\Program Files\Java\jdk1.8.0_172\jre\lib\sunrsasign.jar;C:\Program Files\Java\jdk1.8.0_172\jre\lib\jsse.jar;C:\Program Files\Java\jdk1.8.0_172\jre\lib\jce.jar;C:\Program Files\Java\jdk1.8.0_172\jre\lib\charsets.jar;C:\Program Files\Java\jdk1.8.0_172\jre\lib\jfr.jar;C:\Program Files\Java\jdk1.8.0_172\jre\classes"/>
    <property name="user.script" value=""/>
    <property name="sun.management.compiler" value="HotSpot 64-Bit Tiered Compilers"/>
    <property name="java.runtime.version" value="1.8.0_172-b11"/>
    <property name="user.name" value="Administrator"/>
    <property name="path.separator" value=";"/>
    <property name="os.version" value="10.0"/>
    <property name="java.endorsed.dirs" value="C:\Program Files\Java\jdk1.8.0_172\jre\lib\endorsed"/>
    <property name="java.runtime.name" value="Java(TM) SE Runtime Environment"/>
    <property name="file.encoding" value="GBK"/>
    <property name="java.vm.name" value="Java HotSpot(TM) 64-Bit Server VM"/>
    <property name="localRepository" value="D:\installSoft\apache-maven-3.6.1\repository"/>
    <property name="java.vendor.url.bug" value="http://bugreport.sun.com/bugreport/"/>
    <property name="java.io.tmpdir" value="C:\Users\ADMINI~1\AppData\Local\Temp\"/>
    <property name="java.version" value="1.8.0_172"/>
    <property name="user.dir" value="E:\micro-tutor-it\tutor-it-services\tutor-it-video"/>
    <property name="os.arch" value="amd64"/>
    <property name="java.vm.specification.name" value="Java Virtual Machine Specification"/>
    <property name="java.awt.printerjob" value="sun.awt.windows.WPrinterJob"/>
    <property name="sun.os.patch.level" value=""/>
    <property name="java.library.path" value="C:\Program Files\Java\jdk1.8.0_172\jre\bin;C:\Windows\Sun\Java\bin;C:\Windows\system32;C:\Windows;C:\Python27\;C:\Python27\Scripts;C:\Program Files (x86)\Common Files\Oracle\Java\javapath;C:\Windows\system32;C:\Windows;C:\Windows\System32\Wbem;C:\Windows\System32\WindowsPowerShell\v1.0\;C:\Windows\System32\OpenSSH\;C:\Program Files\Java\jdk1.8.0_172\bin;D:\installSoft\Git\cmd;C:\Program Files\TortoiseGit\bin;D:\installSoft\node_modules\node_module;D:\StudySoftware\Microsoft VS Code\bin;D:\installSoft\nodejs\;C:\ProgramData\chocolatey\bin;D:\installSoft\apache-maven-3.6.1\bin;E:\go\bin;E:\developer\erlang\erl10.3\bin;D:\学成在线\day13 在线学习 HLS\资料\ffmpeg-20180227-fa0c9d6-win64-static\bin;C:\Users\Administrator\AppData\Local\Microsoft\WindowsApps;C:\Users\Administrator\AppData\Roaming\npm;D:\installSoft\nodejs\node_global;C:\Users\Administrator\AppData\Local\Keybase\;C:\Users\Administrator\go\bin;E:\idea\IntelliJ IDEA 2020.1.1\bin;;."/>
    <property name="java.vm.info" value="mixed mode"/>
    <property name="java.vendor" value="Oracle Corporation"/>
    <property name="java.vm.version" value="25.172-b11"/>
    <property name="java.ext.dirs" value="C:\Program Files\Java\jdk1.8.0_172\jre\lib\ext;C:\Windows\Sun\Java\lib\ext"/>
    <property name="sun.io.unicode.encoding" value="UnicodeLittle"/>
    <property name="java.class.version" value="52.0"/>
  </properties>
  <testcase name="testVersion" classname="test.ServiceTest" time="1.082"/>
  <testcase name="testInsertId" classname="test.ServiceTest" time="0.006"/>
  <testcase name="testUpload" classname="test.ServiceTest" time="0.314">
    <error type="java.lang.NullPointerException">java.lang.NullPointerException
	at test.ServiceTest.testUpload(ServiceTest.java:42)
</error>
    <system-err><![CDATA[(null): io.minio.errors.InvalidEndpointException: null endpoint
	at io.minio.MinioClient.<init>(MinioClient.java:648)
	at io.minio.MinioClient.<init>(MinioClient.java:602)
	at io.minio.MinioClient.<init>(MinioClient.java:560)
	at io.minio.MinioClient.<init>(MinioClient.java:477)
	at io.minio.MinioClient.<init>(MinioClient.java:342)
	at xyz.ring2.admin.common.MinioInstance.getMinioClient(MinioInstance.java:47)
	at xyz.ring2.admin.core.service.MinioStorageService.uploadFile(MinioStorageService.java:30)
	at test.ServiceTest.testUpload(ServiceTest.java:42)
	at sun.reflect.NativeMethodAccessorImpl.invoke0(Native Method)
	at sun.reflect.NativeMethodAccessorImpl.invoke(NativeMethodAccessorImpl.java:62)
	at sun.reflect.DelegatingMethodAccessorImpl.invoke(DelegatingMethodAccessorImpl.java:43)
	at java.lang.reflect.Method.invoke(Method.java:498)
	at org.junit.runners.model.FrameworkMethod$1.runReflectiveCall(FrameworkMethod.java:50)
	at org.junit.internal.runners.model.ReflectiveCallable.run(ReflectiveCallable.java:12)
	at org.junit.runners.model.FrameworkMethod.invokeExplosively(FrameworkMethod.java:47)
	at org.junit.internal.runners.statements.InvokeMethod.evaluate(InvokeMethod.java:17)
	at org.springframework.test.context.junit4.statements.RunBeforeTestExecutionCallbacks.evaluate(RunBeforeTestExecutionCallbacks.java:74)
	at org.springframework.test.context.junit4.statements.RunAfterTestExecutionCallbacks.evaluate(RunAfterTestExecutionCallbacks.java:84)
	at org.springframework.test.context.junit4.statements.RunBeforeTestMethodCallbacks.evaluate(RunBeforeTestMethodCallbacks.java:75)
	at org.springframework.test.context.junit4.statements.RunAfterTestMethodCallbacks.evaluate(RunAfterTestMethodCallbacks.java:86)
	at org.springframework.test.context.junit4.statements.SpringRepeat.evaluate(SpringRepeat.java:84)
	at org.junit.runners.ParentRunner.runLeaf(ParentRunner.java:325)
	at org.springframework.test.context.junit4.SpringJUnit4ClassRunner.runChild(SpringJUnit4ClassRunner.java:251)
	at org.springframework.test.context.junit4.SpringJUnit4ClassRunner.runChild(SpringJUnit4ClassRunner.java:97)
	at org.junit.runners.ParentRunner$3.run(ParentRunner.java:290)
	at org.junit.runners.ParentRunner$1.schedule(ParentRunner.java:71)
	at org.junit.runners.ParentRunner.runChildren(ParentRunner.java:288)
	at org.junit.runners.ParentRunner.access$000(ParentRunner.java:58)
	at org.junit.runners.ParentRunner$2.evaluate(ParentRunner.java:268)
	at org.springframework.test.context.junit4.statements.RunBeforeTestClassCallbacks.evaluate(RunBeforeTestClassCallbacks.java:61)
	at org.springframework.test.context.junit4.statements.RunAfterTestClassCallbacks.evaluate(RunAfterTestClassCallbacks.java:70)
	at org.junit.runners.ParentRunner.run(ParentRunner.java:363)
	at org.springframework.test.context.junit4.SpringJUnit4ClassRunner.run(SpringJUnit4ClassRunner.java:190)
	at org.apache.maven.surefire.junit4.JUnit4Provider.execute(JUnit4Provider.java:365)
	at org.apache.maven.surefire.junit4.JUnit4Provider.executeWithRerun(JUnit4Provider.java:273)
	at org.apache.maven.surefire.junit4.JUnit4Provider.executeTestSet(JUnit4Provider.java:238)
	at org.apache.maven.surefire.junit4.JUnit4Provider.invoke(JUnit4Provider.java:159)
	at org.apache.maven.surefire.booter.ForkedBooter.invokeProviderInSameClassLoader(ForkedBooter.java:384)
	at org.apache.maven.surefire.booter.ForkedBooter.runSuitesInProcess(ForkedBooter.java:345)
	at org.apache.maven.surefire.booter.ForkedBooter.execute(ForkedBooter.java:126)
	at org.apache.maven.surefire.booter.ForkedBooter.main(ForkedBooter.java:418)
]]></system-err>
  </testcase>
</testsuite>